<?xml version="1.0" encoding="UTF-8"?>
<testng-results skipped="0" failed="0" ignored="0" total="1" passed="1">
  <reporter-output>
  </reporter-output>
  <suite name="Default suite" duration-ms="43722" started-at="2017-05-28T10:51:26Z" finished-at="2017-05-28T10:52:10Z">
    <groups>
    </groups>
    <test name="Default test" duration-ms="43722" started-at="2017-05-28T10:51:26Z" finished-at="2017-05-28T10:52:10Z">
      <class name="com.test.automation.uiAutomation.uiActions.RedBusSearch">
        <test-method status="PASS" signature="selectDate()[pri:0, instance:com.test.automation.uiAutomation.uiActions.RedBusSearch@59f99ea]" name="selectDate" duration-ms="43677" started-at="2017-05-28T16:21:27Z" finished-at="2017-05-28T16:22:10Z">
          <reporter-output>
          </reporter-output>
        </test-method> <!-- selectDate -->
      </class> <!-- com.test.automation.uiAutomation.uiActions.RedBusSearch -->
    </test> <!-- Default test -->
  </suite> <!-- Default suite -->
</testng-results>
